<?xml version="1.0" encoding="UTF-8"?>
<!-- Generated by org.testng.reporters.JUnitXMLReporter -->
<testsuite hostname="LAPTOP-F360GL2F" ignored="0" name="Default test" tests="4" failures="0" timestamp="2022-06-02T14:52:38 IST" time="0.06" errors="0">
  <testcase name="param1" time="0.009" classname="Day11TestNG.Example_param1"/>
  <testcase name="param1" time="0.001" classname="Day11TestNG.Example_param1"/>
  <testcase name="param1" time="0.002" classname="Day11TestNG.Example_param1"/>
  <testcase name="param1" time="0.001" classname="Day11TestNG.Example_param1"/>
</testsuite> <!-- Default test -->
