<?xml version="1.0" encoding="UTF-8"?>
<testng-results skipped="0" failed="0" ignored="0" total="4" passed="4">
  <reporter-output>
  </reporter-output>
  <suite name="Default suite" duration-ms="60" started-at="2022-06-02T14:52:38 IST" finished-at="2022-06-02T14:52:38 IST">
    <groups>
    </groups>
    <test name="Default test" duration-ms="60" started-at="2022-06-02T14:52:38 IST" finished-at="2022-06-02T14:52:38 IST">
      <class name="Day11TestNG.Example_param1">
        <test-method status="PASS" signature="param1()[pri:0, instance:Day11TestNG.Example_param1@1786dec2]" name="param1" duration-ms="9" started-at="2022-06-02T14:52:38 IST" description="hello" finished-at="2022-06-02T14:52:38 IST">
          <reporter-output>
          </reporter-output>
        </test-method> <!-- param1 -->
        <test-method status="PASS" signature="param1()[pri:0, instance:Day11TestNG.Example_param1@1786dec2]" name="param1" duration-ms="1" started-at="2022-06-02T14:52:38 IST" description="hello" finished-at="2022-06-02T14:52:38 IST">
          <reporter-output>
          </reporter-output>
        </test-method> <!-- param1 -->
        <test-method status="PASS" signature="param1()[pri:0, instance:Day11TestNG.Example_param1@1786dec2]" name="param1" duration-ms="2" started-at="2022-06-02T14:52:38 IST" description="hello" finished-at="2022-06-02T14:52:38 IST">
          <reporter-output>
          </reporter-output>
        </test-method> <!-- param1 -->
        <test-method status="PASS" signature="param1()[pri:0, instance:Day11TestNG.Example_param1@1786dec2]" name="param1" duration-ms="1" started-at="2022-06-02T14:52:38 IST" description="hello" finished-at="2022-06-02T14:52:38 IST">
          <reporter-output>
          </reporter-output>
        </test-method> <!-- param1 -->
      </class> <!-- Day11TestNG.Example_param1 -->
    </test> <!-- Default test -->
  </suite> <!-- Default suite -->
</testng-results>
